<?xml version="1.0" encoding="UTF-8"?>
<testng-results ignored="0" total="1" passed="1" failed="0" skipped="0">
  <reporter-output>
  </reporter-output>
  <suite started-at="2023-06-02T16:26:22 IST" name="Default suite" finished-at="2023-06-02T16:27:26 IST" duration-ms="63828">
    <groups>
    </groups>
    <test started-at="2023-06-02T16:26:22 IST" name="Default test" finished-at="2023-06-02T16:27:26 IST" duration-ms="63828">
      <class name="Package2.P4Test">
        <test-method signature="m4()[pri:0, instance:Package2.P4Test@158d2680]" started-at="2023-06-02T16:26:22 IST" name="m4" finished-at="2023-06-02T16:27:26 IST" duration-ms="63707" status="PASS">
          <reporter-output>
          </reporter-output>
        </test-method> <!-- m4 -->
      </class> <!-- Package2.P4Test -->
    </test> <!-- Default test -->
  </suite> <!-- Default suite -->
</testng-results>
